-------------------------------------------------------------------------------
Test set: com.disqo.notesapp.user.UserControllerTest
-------------------------------------------------------------------------------
Tests run: 1, Failures: 1, Errors: 0, Skipped: 0, Time elapsed: 2.447 s <<< FAILURE! - in com.disqo.notesapp.user.UserControllerTest
getHello  Time elapsed: 0.049 s  <<< FAILURE!
java.lang.AssertionError: Status expected:<200> but was:<401>
	at com.disqo.notesapp.user.UserControllerTest.getHello(UserControllerTest.java:26)

